Using pre-set license
Built from '2021.3/staging' branch; Version is '2021.3.16f1 (4016570cf34f) revision 4200023'; Using compiler version '192829333'; Build Type 'Release'
OS: 'Windows 10  (10.0.19045) 64bit Professional' Language: 'ru' Physical Memory: 16254 MB
BatchMode: 1, IsHumanControllingUs: 0, StartBugReporterOnCrash: 0, Is64bit: 1, IsPro: 1

COMMAND LINE ARGUMENTS:
C:\Program Files\Unity\Hub\Editor\2021.3.16f1\Editor\Unity.exe
-adb2
-batchMode
-noUpm
-name
AssetImportWorker4
-projectPath
C:/Users/Mikhail/Desktop/Unity/HorrorYandex/HorrorYandex
-logFile
Logs/AssetImportWorker4.log
-srvPort
51929
Successfully changed project path to: C:/Users/Mikhail/Desktop/Unity/HorrorYandex/HorrorYandex
C:/Users/Mikhail/Desktop/Unity/HorrorYandex/HorrorYandex
[UnityMemory] Configuration Parameters - Can be set up in boot.config
    "memorysetup-bucket-allocator-granularity=16"
    "memorysetup-bucket-allocator-bucket-count=8"
    "memorysetup-bucket-allocator-block-size=33554432"
    "memorysetup-bucket-allocator-block-count=8"
    "memorysetup-main-allocator-block-size=16777216"
    "memorysetup-thread-allocator-block-size=16777216"
    "memorysetup-gfx-main-allocator-block-size=16777216"
    "memorysetup-gfx-thread-allocator-block-size=16777216"
    "memorysetup-cache-allocator-block-size=4194304"
    "memorysetup-typetree-allocator-block-size=2097152"
    "memorysetup-profiler-bucket-allocator-granularity=16"
    "memorysetup-profiler-bucket-allocator-bucket-count=8"
    "memorysetup-profiler-bucket-allocator-block-size=33554432"
    "memorysetup-profiler-bucket-allocator-block-count=8"
    "memorysetup-profiler-allocator-block-size=16777216"
    "memorysetup-profiler-editor-allocator-block-size=1048576"
    "memorysetup-temp-allocator-size-main=16777216"
    "memorysetup-job-temp-allocator-block-size=2097152"
    "memorysetup-job-temp-allocator-block-size-background=1048576"
    "memorysetup-job-temp-allocator-reduction-small-platforms=262144"
    "memorysetup-temp-allocator-size-background-worker=32768"
    "memorysetup-temp-allocator-size-job-worker=262144"
    "memorysetup-temp-allocator-size-preload-manager=33554432"
    "memorysetup-temp-allocator-size-nav-mesh-worker=65536"
    "memorysetup-temp-allocator-size-audio-worker=65536"
    "memorysetup-temp-allocator-size-cloud-worker=32768"
    "memorysetup-temp-allocator-size-gi-baking-worker=262144"
    "memorysetup-temp-allocator-size-gfx=262144"
Player connection [10572] Host "[IP] 192.168.1.7 [Port] 0 [Flags] 2 [Guid] 2998130604 [EditorId] 2998130604 [Version] 1048832 [Id] WindowsEditor(7,DESKTOP-QCT10TA) [Debug] 1 [PackageName] WindowsEditor [ProjectName] Editor" joined multi-casting on [225.0.0.222:54997]...

Player connection [10572] Host "[IP] 192.168.1.7 [Port] 0 [Flags] 2 [Guid] 2998130604 [EditorId] 2998130604 [Version] 1048832 [Id] WindowsEditor(7,DESKTOP-QCT10TA) [Debug] 1 [PackageName] WindowsEditor [ProjectName] Editor" joined alternative multi-casting on [225.0.0.222:34997]...

Refreshing native plugins compatible for Editor in 88.44 ms, found 3 plugins.
Preloading 0 native plugins for Editor in 0.00 ms.
Initialize engine version: 2021.3.16f1 (4016570cf34f)
[Subsystems] Discovering subsystems at path C:/Program Files/Unity/Hub/Editor/2021.3.16f1/Editor/Data/Resources/UnitySubsystems
[Subsystems] Discovering subsystems at path C:/Users/Mikhail/Desktop/Unity/HorrorYandex/HorrorYandex/Assets
GfxDevice: creating device client; threaded=0; jobified=0
Direct3D:
    Version:  Direct3D 11.0 [level 11.1]
    Renderer: NVIDIA GeForce GTX 1650 (ID=0x1f82)
    Vendor:   NVIDIA
    VRAM:     3962 MB
    Driver:   31.0.15.1694
Initialize mono
Mono path[0] = 'C:/Program Files/Unity/Hub/Editor/2021.3.16f1/Editor/Data/Managed'
Mono path[1] = 'C:/Program Files/Unity/Hub/Editor/2021.3.16f1/Editor/Data/MonoBleedingEdge/lib/mono/unityjit-win32'
Mono config path = 'C:/Program Files/Unity/Hub/Editor/2021.3.16f1/Editor/Data/MonoBleedingEdge/etc'
Using monoOptions --debugger-agent=transport=dt_socket,embedding=1,server=y,suspend=n,address=127.0.0.1:56808
Begin MonoManager ReloadAssembly
Registering precompiled unity dll's ...
Register platform support module: C:/Program Files/Unity/Hub/Editor/2021.3.16f1/Editor/Data/PlaybackEngines/WebGLSupport/UnityEditor.WebGL.Extensions.dll
Register platform support module: C:/Program Files/Unity/Hub/Editor/2021.3.16f1/Editor/Data/PlaybackEngines/WindowsStandaloneSupport/UnityEditor.WindowsStandalone.Extensions.dll
Registered in 0.006474 seconds.
Native extension for WindowsStandalone target not found
Native extension for WebGL target not found
Refreshing native plugins compatible for Editor in 88.13 ms, found 3 plugins.
Preloading 0 native plugins for Editor in 0.00 ms.
Mono: successfully reloaded assembly
- Completed reload, in  0.573 seconds
Domain Reload Profiling:
	ReloadAssembly (573ms)
		BeginReloadAssembly (63ms)
			ExecutionOrderSort (0ms)
			DisableScriptedObjects (0ms)
			BackupInstance (0ms)
			ReleaseScriptingObjects (0ms)
			CreateAndSetChildDomain (1ms)
		EndReloadAssembly (408ms)
			LoadAssemblies (61ms)
			RebuildTransferFunctionScriptingTraits (0ms)
			SetupTypeCache (96ms)
			ReleaseScriptCaches (0ms)
			RebuildScriptCaches (24ms)
			SetupLoadedEditorAssemblies (244ms)
				LogAssemblyErrors (0ms)
				InitializePlatformSupportModulesInManaged (8ms)
				SetLoadedEditorAssemblies (0ms)
				RefreshPlugins (88ms)
				BeforeProcessingInitializeOnLoad (1ms)
				ProcessInitializeOnLoadAttributes (106ms)
				ProcessInitializeOnLoadMethodAttributes (41ms)
				AfterProcessingInitializeOnLoad (0ms)
				EditorAssembliesLoaded (0ms)
			ExecutionOrderSort2 (0ms)
			AwakeInstancesAfterBackupRestoration (0ms)
Platform modules already initialized, skipping
Registering precompiled user dll's ...
Registered in 0.005238 seconds.
Begin MonoManager ReloadAssembly
Symbol file LoadedFromMemory doesn't match image C:\Users\Mikhail\Desktop\Unity\HorrorYandex\HorrorYandex\Library\PackageCache\com.unity.visualscripting@1.7.8\Editor\VisualScripting.Core\Dependencies\YamlDotNet\Unity.VisualScripting.YamlDotNet.dll
Symbol file LoadedFromMemory doesn't match image C:\Users\Mikhail\Desktop\Unity\HorrorYandex\HorrorYandex\Library\PackageCache\com.unity.visualscripting@1.7.8\Editor\VisualScripting.Core\Dependencies\DotNetZip\Unity.VisualScripting.IonicZip.dll
Native extension for WindowsStandalone target not found
Native extension for WebGL target not found
Refreshing native plugins compatible for Editor in 0.78 ms, found 3 plugins.
Preloading 0 native plugins for Editor in 0.00 ms.
Mono: successfully reloaded assembly
- Completed reload, in  0.975 seconds
Domain Reload Profiling:
	ReloadAssembly (975ms)
		BeginReloadAssembly (94ms)
			ExecutionOrderSort (0ms)
			DisableScriptedObjects (5ms)
			BackupInstance (0ms)
			ReleaseScriptingObjects (0ms)
			CreateAndSetChildDomain (16ms)
		EndReloadAssembly (774ms)
			LoadAssemblies (73ms)
			RebuildTransferFunctionScriptingTraits (0ms)
			SetupTypeCache (255ms)
			ReleaseScriptCaches (1ms)
			RebuildScriptCaches (62ms)
			SetupLoadedEditorAssemblies (348ms)
				LogAssemblyErrors (0ms)
				InitializePlatformSupportModulesInManaged (6ms)
				SetLoadedEditorAssemblies (0ms)
				RefreshPlugins (1ms)
				BeforeProcessingInitializeOnLoad (89ms)
				ProcessInitializeOnLoadAttributes (223ms)
				ProcessInitializeOnLoadMethodAttributes (22ms)
				AfterProcessingInitializeOnLoad (7ms)
				EditorAssembliesLoaded (0ms)
			ExecutionOrderSort2 (0ms)
			AwakeInstancesAfterBackupRestoration (5ms)
Platform modules already initialized, skipping
========================================================================
Worker process is ready to serve import requests
Launched and connected shader compiler UnityShaderCompiler.exe after 0.04 seconds
Refreshing native plugins compatible for Editor in 0.91 ms, found 3 plugins.
Preloading 0 native plugins for Editor in 0.00 ms.
Unloading 3866 Unused Serialized files (Serialized files now loaded: 0)
Unloading 27 unused Assets / (103.8 KB). Loaded Objects now: 4326.
Memory consumption went from 142.4 MB to 142.3 MB.
Total: 3.084300 ms (FindLiveObjects: 0.275500 ms CreateObjectMapping: 0.180100 ms MarkObjects: 2.532300 ms  DeleteObjects: 0.095800 ms)

AssetImportParameters requested are different than current active one (requested -> active):
  custom:video-decoder-ogg-theora: a1e56fd34408186e4bbccfd4996cb3dc -> 
  custom:container-muxer-webm: aa71ff27fc2769a1b78a27578f13a17b -> 
  custom:container-demuxer-webm: 4f35f7cbe854078d1ac9338744f61a02 -> 
  custom:video-encoder-webm-vp8: eb34c28f22e8b96e1ab97ce403110664 -> 
  custom:audio-encoder-webm-vorbis: bf7c407c2cedff20999df2af8eb42d56 -> 
  custom:framework-win-MediaFoundation: 216162199b28c13a410421893ffa2e32 -> 
  custom:container-demuxer-ogg: 62fdf1f143b41e24485cea50d1cbac27 -> 
  custom:video-decoder-webm-vp8: 9c59270c3fd7afecdb556c50c9e8de78 -> 
  custom:audio-decoder-ogg-vorbis: bf7c407c2cedff20999df2af8eb42d56 -> 
========================================================================
Received Import Request.
  Time since last request: 88247.981387 seconds.
  path: Assets/Objects/Models/Battery.fbx
  artifactKey: Guid(f55edef42c1b12d4288bcca81528240f) Importer(815301076,1909f56bfc062723c751e8b465ee728b)
Start importing Assets/Objects/Models/Battery.fbx using Guid(f55edef42c1b12d4288bcca81528240f) Importer(815301076,1909f56bfc062723c751e8b465ee728b)  -> (artifact id: 'e742558cf8baaad65645d204961accb0') in 0.167015 seconds 
========================================================================
Received Import Request.
  Time since last request: 0.000016 seconds.
  path: Assets/Objects/Models/key.fbx
  artifactKey: Guid(424fa6c53b3967745bfe255fc8f22551) Importer(815301076,1909f56bfc062723c751e8b465ee728b)
Start importing Assets/Objects/Models/key.fbx using Guid(424fa6c53b3967745bfe255fc8f22551) Importer(815301076,1909f56bfc062723c751e8b465ee728b)  -> (artifact id: 'd80ea44ae5e2b77a9e140e1f97bc4f14') in 0.031203 seconds 
========================================================================
Received Import Request.
  Time since last request: 1.889000 seconds.
  path: Assets/Objects/Prefabs/Battery.prefab
  artifactKey: Guid(7979413014829ea41a76d4a022ea0348) Importer(815301076,1909f56bfc062723c751e8b465ee728b)
Start importing Assets/Objects/Prefabs/Battery.prefab using Guid(7979413014829ea41a76d4a022ea0348) Importer(815301076,1909f56bfc062723c751e8b465ee728b)  -> (artifact id: 'fbcc6d878e34a49090ab137a914328c5') in 0.019815 seconds 
========================================================================
Received Import Request.
  Time since last request: 0.000021 seconds.
  path: Assets/Objects/Prefabs/PowerEngineer.prefab
  artifactKey: Guid(1064b6b8ea7c8cc449ee634e9245be1a) Importer(815301076,1909f56bfc062723c751e8b465ee728b)
Start importing Assets/Objects/Prefabs/PowerEngineer.prefab using Guid(1064b6b8ea7c8cc449ee634e9245be1a) Importer(815301076,1909f56bfc062723c751e8b465ee728b)  -> (artifact id: '10438fd9225c496f137135005f3e6ae4') in 0.015466 seconds 
========================================================================
Received Import Request.
  Time since last request: 11.096250 seconds.
  path: Assets/Objects/Materials/Battery.mat
  artifactKey: Guid(e8ca17feafddcec43a7331a40094dda0) Importer(815301076,1909f56bfc062723c751e8b465ee728b)
Start importing Assets/Objects/Materials/Battery.mat using Guid(e8ca17feafddcec43a7331a40094dda0) Importer(815301076,1909f56bfc062723c751e8b465ee728b)  -> (artifact id: 'fa9443a4b928e1e95e52167cc186f228') in 0.035450 seconds 
========================================================================
Received Import Request.
  Time since last request: 4.866915 seconds.
  path: Assets/Objects/Texture/COLOR BATTERY.png
  artifactKey: Guid(b38582fd5d93cc24d9936bd93efe3fe2) Importer(815301076,1909f56bfc062723c751e8b465ee728b)
Start importing Assets/Objects/Texture/COLOR BATTERY.png using Guid(b38582fd5d93cc24d9936bd93efe3fe2) Importer(815301076,1909f56bfc062723c751e8b465ee728b)  -> (artifact id: '76bea4d498080654fef15d440ce5a905') in 0.020670 seconds 
========================================================================
Received Import Request.
  Time since last request: 0.000020 seconds.
  path: Assets/Objects/Texture/сolor Coin2.png
  artifactKey: Guid(f336b53c36917fd4b9851e3b94555413) Importer(815301076,1909f56bfc062723c751e8b465ee728b)
Start importing Assets/Objects/Texture/сolor Coin2.png using Guid(f336b53c36917fd4b9851e3b94555413) Importer(815301076,1909f56bfc062723c751e8b465ee728b)  -> (artifact id: 'ddf2ab1685bff53baaf4d8a3f4c75463') in 0.028990 seconds 
========================================================================
Received Import Request.
  Time since last request: 13.622222 seconds.
  path: Assets/Objects/Materials/Material.002 1.mat
  artifactKey: Guid(c7d40b3329daa2549bbeb3717875d8bc) Importer(815301076,1909f56bfc062723c751e8b465ee728b)
Start importing Assets/Objects/Materials/Material.002 1.mat using Guid(c7d40b3329daa2549bbeb3717875d8bc) Importer(815301076,1909f56bfc062723c751e8b465ee728b)  -> (artifact id: 'f89a1648696f9472a664adee36b2a779') in 0.011665 seconds 
========================================================================
Received Import Request.
  Time since last request: 4.890774 seconds.
  path: Assets/Guade/Prefabs/Guade.prefab
  artifactKey: Guid(c8e4e28f2575b79449d2080bf8b55a8a) Importer(815301076,1909f56bfc062723c751e8b465ee728b)
Start importing Assets/Guade/Prefabs/Guade.prefab using Guid(c8e4e28f2575b79449d2080bf8b55a8a) Importer(815301076,1909f56bfc062723c751e8b465ee728b)  -> (artifact id: '14bb6be4f91c778fa2eecb701f5afe40') in 0.081057 seconds 
========================================================================
Received Import Request.
  Time since last request: 3.685885 seconds.
  path: Assets/Guade/Prefabs/Guade.prefab
  artifactKey: Guid(c8e4e28f2575b79449d2080bf8b55a8a) Importer(815301076,1909f56bfc062723c751e8b465ee728b)
Start importing Assets/Guade/Prefabs/Guade.prefab using Guid(c8e4e28f2575b79449d2080bf8b55a8a) Importer(815301076,1909f56bfc062723c751e8b465ee728b)  -> (artifact id: '47d3dc87bb2a61b004ed25a92f828ef0') in 0.039109 seconds 
========================================================================
Received Import Request.
  Time since last request: 1.563751 seconds.
  path: Assets/Guade/Prefabs/Guade.prefab
  artifactKey: Guid(c8e4e28f2575b79449d2080bf8b55a8a) Importer(815301076,1909f56bfc062723c751e8b465ee728b)
Start importing Assets/Guade/Prefabs/Guade.prefab using Guid(c8e4e28f2575b79449d2080bf8b55a8a) Importer(815301076,1909f56bfc062723c751e8b465ee728b)  -> (artifact id: 'f2bd1c639515f36213a65b27217ca15f') in 0.032232 seconds 
========================================================================
Received Import Request.
  Time since last request: 34.765982 seconds.
  path: Assets/Textures/1623463819_5-phonoteka_org-p-nalivnoi-beton-tekstura-krasivo-6.jpg
  artifactKey: Guid(9d77cb7fe5817ba42ab1987d0806d2d6) Importer(815301076,1909f56bfc062723c751e8b465ee728b)
Start importing Assets/Textures/1623463819_5-phonoteka_org-p-nalivnoi-beton-tekstura-krasivo-6.jpg using Guid(9d77cb7fe5817ba42ab1987d0806d2d6) Importer(815301076,1909f56bfc062723c751e8b465ee728b)  -> (artifact id: 'ef8c4bc51819005eca1b119d819e9b2f') in 0.023408 seconds 
